<?xml version="1.0" encoding="UTF-8"?>
<!-- Generated by org.testng.reporters.JUnitXMLReporter -->
<testsuite hostname="DESKTOP-MK2OGLE" ignored="0" name="Negative Login Tests" tests="1" failures="1" timestamp="2021-01-09T18:48:42 CET" time="6.457" errors="0">
  <testcase name="asUserTryToLogInWithIncorrectLoginAndPassword" time="0.816" classname="tests.FailedLoginTests">
    <failure type="java.lang.AssertionError" message="Element text was &amp;lt;Invalid username or password. Signon failed.&amp;gt; expecting to be &amp;lt;Invalid username or password. Signon failed..&amp;gt;!">
      <![CDATA[java.lang.AssertionError: Element text was <Invalid username or password. Signon failed.> expecting to be <Invalid username or password. Signon failed..>!
at page.object.LoginPage.assertThatWarningIsDisplayed(LoginPage.java:64)
at tests.FailedLoginTests.asUserTryToLogInWithIncorrectLoginAndPassword(FailedLoginTests.java:31)
at java.util.ArrayList.forEach(ArrayList.java:1257)
at java.util.concurrent.FutureTask.run(FutureTask.java:266)
at java.util.concurrent.ThreadPoolExecutor.runWorker(ThreadPoolExecutor.java:1149)
at java.util.concurrent.ThreadPoolExecutor$Worker.run(ThreadPoolExecutor.java:624)
at java.lang.Thread.run(Thread.java:748)
... Removed 18 stack frames]]>
    </failure>
  </testcase> <!-- asUserTryToLogInWithIncorrectLoginAndPassword -->
</testsuite> <!-- Negative Login Tests -->
