<?xml version="1.0" encoding="UTF-8"?>
<!-- Generated by org.testng.reporters.JUnitXMLReporter -->
<testsuite hostname="DESKTOP-MK2OGLE" ignored="0" name="Negative Login Tests" tests="2" failures="0" timestamp="2021-01-06T16:42:59 CET" time="10.424" errors="0">
  <testcase name="asUserTryToLogInWithIncorrectLoginAndPassword" time="1.03" classname="tests.FailedLoginTests"/>
  <testcase name="asUserLoginUsingValidLoginAndPassword" time="1.401" classname="tests.PositiveLoginTests"/>
</testsuite> <!-- Negative Login Tests -->
