-------------------------------------------------------------------------------
Test set: TestSuite
-------------------------------------------------------------------------------
Tests run: 2, Failures: 1, Errors: 0, Skipped: 0, Time elapsed: 9.156 s <<< FAILURE! - in TestSuite
asUserTryToLogInWithIncorrectLoginAndPassword(tests.FailedLoginTests)  Time elapsed: 0.935 s  <<< FAILURE!
java.lang.AssertionError: Element text was <Invalid username or password. Signon failed.> expecting to be <Invalid username or password. Signon failed..>!
	at tests.FailedLoginTests.asUserTryToLogInWithIncorrectLoginAndPassword(FailedLoginTests.java:31)

